2024.03.02 21:31:59 INFO  Started: Metals version 1.2.2 in folders '/home/lan/work/ventus-gpgpu-cpp-simulator' for client Visual Studio Code 1.85.2.[0m
21:32:00.235 [pool-1-thread-1] INFO org.flywaydb.core.internal.license.VersionPrinter -- Flyway Community Edition 9.22.3 by Redgate
21:32:00.236 [pool-1-thread-1] INFO org.flywaydb.core.internal.license.VersionPrinter -- See release notes here: https://rd.gt/416ObMi
21:32:00.236 [pool-1-thread-1] INFO org.flywaydb.core.internal.license.VersionPrinter -- 
21:32:00.237 [pool-1-thread-1] DEBUG org.flywaydb.core.internal.scanner.classpath.ClassPathScanner -- Scanning for classpath resources at 'classpath:db/callback' ...
21:32:00.238 [pool-1-thread-1] DEBUG org.flywaydb.core.internal.scanner.classpath.ClassPathScanner -- Determining location urls for classpath:db/callback using ClassLoader jdk.internal.loader.ClassLoaders$AppClassLoader@55054057 ...
21:32:00.238 [pool-1-thread-1] DEBUG org.flywaydb.core.internal.scanner.classpath.ClassPathScanner -- Unable to resolve location classpath:db/callback.
21:32:00.238 [pool-1-thread-1] DEBUG org.flywaydb.core.internal.scanner.classpath.ClassPathScanner -- Scanning for classpath resources at 'classpath:db/migration' ...
21:32:00.238 [pool-1-thread-1] DEBUG org.flywaydb.core.internal.scanner.classpath.ClassPathScanner -- Determining location urls for classpath:db/migration using ClassLoader jdk.internal.loader.ClassLoaders$AppClassLoader@55054057 ...
21:32:00.238 [pool-1-thread-1] DEBUG org.flywaydb.core.internal.scanner.classpath.ClassPathScanner -- Scanning URL: jar:file:/home/lan/.cache/coursier/v1/https/repo1.maven.org/maven2/org/scalameta/metals_2.13/1.2.2/metals_2.13-1.2.2.jar!/db/migration
21:32:00.239 [pool-1-thread-1] DEBUG org.flywaydb.core.internal.scanner.classpath.ClassPathScanner -- Found resource: db/migration/
21:32:00.239 [pool-1-thread-1] DEBUG org.flywaydb.core.internal.scanner.classpath.ClassPathScanner -- Found resource: db/migration/V1__Create_tables.sql
21:32:00.240 [pool-1-thread-1] DEBUG org.flywaydb.core.internal.scanner.classpath.ClassPathScanner -- Found resource: db/migration/V2__Server_discovery.sql
21:32:00.240 [pool-1-thread-1] DEBUG org.flywaydb.core.internal.scanner.classpath.ClassPathScanner -- Found resource: db/migration/V3__Jar_symbols.sql
21:32:00.240 [pool-1-thread-1] DEBUG org.flywaydb.core.internal.scanner.classpath.ClassPathScanner -- Found resource: db/migration/V4__Fingerprints.sql
21:32:00.240 [pool-1-thread-1] DEBUG org.flywaydb.core.internal.scanner.classpath.ClassPathScanner -- Scanning for classes at classpath:db/migration
21:32:00.241 [pool-1-thread-1] DEBUG org.flywaydb.core.internal.scanner.Scanner -- Filtering out resource: db/migration/ (filename: )
21:32:00.242 [pool-1-thread-1] DEBUG org.flywaydb.core.internal.resource.ResourceNameValidator -- Validating V3__Jar_symbols.sql
21:32:00.242 [pool-1-thread-1] DEBUG org.flywaydb.core.internal.resource.ResourceNameValidator -- Validating V1__Create_tables.sql
21:32:00.242 [pool-1-thread-1] DEBUG org.flywaydb.core.internal.resource.ResourceNameValidator -- Validating V2__Server_discovery.sql
21:32:00.242 [pool-1-thread-1] DEBUG org.flywaydb.core.internal.resource.ResourceNameValidator -- Validating V4__Fingerprints.sql
21:32:00.299 [pool-1-thread-1] INFO org.flywaydb.core.FlywayExecutor -- Database: jdbc:h2:file:/home/lan/work/ventus-gpgpu-cpp-simulator/.metals/metals (H2 2.2)
21:32:00.299 [pool-1-thread-1] DEBUG org.flywaydb.core.FlywayExecutor -- Driver: H2 JDBC Driver 2.2.224 (2023-09-17)
21:32:00.299 [pool-1-thread-1] DEBUG org.flywaydb.core.FlywayExecutor -- DDL Transactions Supported: false
21:32:00.299 [pool-1-thread-1] DEBUG org.flywaydb.core.internal.schemahistory.SchemaHistoryFactory -- Schemas: 
21:32:00.300 [pool-1-thread-1] DEBUG org.flywaydb.core.internal.schemahistory.SchemaHistoryFactory -- Default schema: null
21:32:00.303 [pool-1-thread-1] WARN org.flywaydb.core.internal.database.base.Database -- Flyway upgrade recommended: H2 2.2.224 is newer than this version of Flyway and support has not been tested. The latest supported version of H2 is 2.2.220.
21:32:00.303 [pool-1-thread-1] DEBUG org.flywaydb.core.internal.callback.SqlScriptCallbackFactory -- Scanning for SQL callbacks ...
21:32:00.303 [pool-1-thread-1] DEBUG org.flywaydb.core.internal.scanner.Scanner -- Filtering out resource: db/migration/ (filename: )
21:32:00.309 [pool-1-thread-1] DEBUG org.flywaydb.core.internal.command.DbValidate -- Validating migrations ...
21:32:00.311 [pool-1-thread-1] DEBUG org.flywaydb.core.internal.scanner.Scanner -- Filtering out resource: db/migration/ (filename: )
21:32:00.318 [pool-1-thread-1] DEBUG org.flywaydb.core.internal.scanner.Scanner -- Filtering out resource: db/migration/V3__Jar_symbols.sql (filename: V3__Jar_symbols.sql)
21:32:00.319 [pool-1-thread-1] DEBUG org.flywaydb.core.internal.scanner.Scanner -- Filtering out resource: db/migration/ (filename: )
21:32:00.319 [pool-1-thread-1] DEBUG org.flywaydb.core.internal.scanner.Scanner -- Filtering out resource: db/migration/V1__Create_tables.sql (filename: V1__Create_tables.sql)
21:32:00.319 [pool-1-thread-1] DEBUG org.flywaydb.core.internal.scanner.Scanner -- Filtering out resource: db/migration/V2__Server_discovery.sql (filename: V2__Server_discovery.sql)
21:32:00.319 [pool-1-thread-1] DEBUG org.flywaydb.core.internal.scanner.Scanner -- Filtering out resource: db/migration/V4__Fingerprints.sql (filename: V4__Fingerprints.sql)
21:32:00.319 [pool-1-thread-1] DEBUG org.flywaydb.core.internal.scanner.Scanner -- Filtering out resource: db/migration/V3__Jar_symbols.sql (filename: V3__Jar_symbols.sql)
21:32:00.319 [pool-1-thread-1] DEBUG org.flywaydb.core.internal.scanner.Scanner -- Filtering out resource: db/migration/ (filename: )
21:32:00.319 [pool-1-thread-1] DEBUG org.flywaydb.core.internal.scanner.Scanner -- Filtering out resource: db/migration/V1__Create_tables.sql (filename: V1__Create_tables.sql)
21:32:00.319 [pool-1-thread-1] DEBUG org.flywaydb.core.internal.scanner.Scanner -- Filtering out resource: db/migration/V2__Server_discovery.sql (filename: V2__Server_discovery.sql)
21:32:00.320 [pool-1-thread-1] DEBUG org.flywaydb.core.internal.scanner.Scanner -- Filtering out resource: db/migration/V4__Fingerprints.sql (filename: V4__Fingerprints.sql)
21:32:00.321 [pool-1-thread-1] INFO org.flywaydb.core.internal.schemahistory.JdbcTableSchemaHistory -- Schema history table "PUBLIC"."flyway_schema_history" does not exist yet
21:32:00.324 [pool-1-thread-1] INFO org.flywaydb.core.internal.command.DbValidate -- Successfully validated 4 migrations (execution time 00:00.014s)
21:32:00.325 [pool-1-thread-1] DEBUG org.flywaydb.core.internal.command.DbSchemas -- Skipping creation of existing schema: "PUBLIC"
21:32:00.328 [pool-1-thread-1] INFO org.flywaydb.core.internal.schemahistory.JdbcTableSchemaHistory -- Creating Schema History table "PUBLIC"."flyway_schema_history" ...
21:32:00.330 [pool-1-thread-1] DEBUG org.flywaydb.core.internal.parser.Parser -- Parsing  ...
21:32:00.335 [pool-1-thread-1] DEBUG org.flywaydb.core.internal.sqlscript.ParserSqlScript -- Found statement at line 1: CREATE TABLE IF NOT EXISTS "PUBLIC"."flyway_schema_history" (
    "installed_rank" INT NOT NULL,
    "version" VARCHAR(50),
    "description" VARCHAR(200) NOT NULL,
    "type" VARCHAR(20) NOT NULL,
    "script" VARCHAR(1000) NOT NULL,
    "checksum" INT,
    "installed_by" VARCHAR(100) NOT NULL,
    "installed_on" TIMESTAMP NOT NULL DEFAULT CURRENT_TIMESTAMP,
    "execution_time" INT NOT NULL,
    "success" BOOLEAN NOT NULL,
    CONSTRAINT "flyway_schema_history_pk" PRIMARY KEY ("installed_rank")
) AS SELECT -1, NULL, '<< Flyway Schema History table created >>', 'TABLE', '', NULL, 'SA', CURRENT_TIMESTAMP, 0, TRUE
21:32:00.335 [pool-1-thread-1] DEBUG org.flywaydb.core.internal.sqlscript.ParserSqlScript -- Found statement at line 14: CREATE INDEX "PUBLIC"."flyway_schema_history_s_idx" ON "PUBLIC"."flyway_schema_history" ("success")
21:32:00.335 [pool-1-thread-1] DEBUG org.flywaydb.core.internal.sqlscript.DefaultSqlScriptExecutor -- Executing SQL: CREATE TABLE IF NOT EXISTS "PUBLIC"."flyway_schema_history" (
    "installed_rank" INT NOT NULL,
    "version" VARCHAR(50),
    "description" VARCHAR(200) NOT NULL,
    "type" VARCHAR(20) NOT NULL,
    "script" VARCHAR(1000) NOT NULL,
    "checksum" INT,
    "installed_by" VARCHAR(100) NOT NULL,
    "installed_on" TIMESTAMP NOT NULL DEFAULT CURRENT_TIMESTAMP,
    "execution_time" INT NOT NULL,
    "success" BOOLEAN NOT NULL,
    CONSTRAINT "flyway_schema_history_pk" PRIMARY KEY ("installed_rank")
) AS SELECT -1, NULL, '<< Flyway Schema History table created >>', 'TABLE', '', NULL, 'SA', CURRENT_TIMESTAMP, 0, TRUE
21:32:00.337 [pool-1-thread-1] DEBUG org.flywaydb.core.internal.sqlscript.DefaultSqlScriptExecutor -- 0 rows affected
21:32:00.337 [pool-1-thread-1] DEBUG org.flywaydb.core.internal.sqlscript.DefaultSqlScriptExecutor -- Executing SQL: CREATE INDEX "PUBLIC"."flyway_schema_history_s_idx" ON "PUBLIC"."flyway_schema_history" ("success")
21:32:00.339 [pool-1-thread-1] DEBUG org.flywaydb.core.internal.sqlscript.DefaultSqlScriptExecutor -- 0 rows affected
21:32:00.339 [pool-1-thread-1] DEBUG org.flywaydb.core.internal.schemahistory.JdbcTableSchemaHistory -- Created Schema History table "PUBLIC"."flyway_schema_history"
21:32:00.343 [pool-1-thread-1] INFO org.flywaydb.core.internal.command.DbMigrate -- Current version of schema "PUBLIC": << Empty Schema >>
21:32:00.344 [pool-1-thread-1] DEBUG org.flywaydb.core.internal.parser.Parser -- Parsing V1__Create_tables.sql ...
21:32:00.345 [pool-1-thread-1] DEBUG org.flywaydb.core.internal.sqlscript.ParserSqlScript -- Found statement at line 4: -- The relationship between library dependency sources under .metals/readonly/**
-- and build targets they belong to. Required to know what classpath to use
-- for compiling dependency sources.
create table dependency_source(
  text_document_uri varchar primary key,
  build_target_uri varchar not null
)
21:32:00.345 [pool-1-thread-1] DEBUG org.flywaydb.core.internal.sqlscript.ParserSqlScript -- Found statement at line 12: -- The relationship between library dependency sources under .metals/readonly/**
-- and worksheets they belong to. Required to know what classpath to use
-- for compiling dependency sources.
create table worksheet_dependency_source(
  text_document_uri varchar primary key,
  worksheet_uri varchar not null
)
21:32:00.345 [pool-1-thread-1] DEBUG org.flywaydb.core.internal.sqlscript.ParserSqlScript -- Found statement at line 19: -- The relationship between what library dependency sources under .metals/readonly/**
-- map to which build targets.
create table sbt_digest(
  md5 varchar,
  status tinyint not null,
  when_recorded timestamp
)
21:32:00.346 [pool-1-thread-1] DEBUG org.flywaydb.core.internal.sqlscript.ParserSqlScript -- Found statement at line 27: -- Which window/showMessage and window/showMessageRequest dialogues have been dismissed
-- by the user via "Don't show again" or closed by clicking on "x".
create table dismissed_notification(
  id int,
  when_dismissed timestamp,
  when_expires timestamp
)
21:32:00.346 [pool-1-thread-1] DEBUG org.flywaydb.core.internal.sqlscript.ParserSqlScript -- Found statement at line 34: -- The choice of build tool when multiple build tool files are found in a workspace
create table chosen_build_tool(
  build_tool varchar primary key
)
21:32:00.347 [pool-1-thread-1] DEBUG org.flywaydb.core.internal.command.DbMigrate -- Starting migration of schema "PUBLIC" to version "1 - Create tables" ...
21:32:00.348 [pool-1-thread-1] INFO org.flywaydb.core.internal.command.DbMigrate -- Migrating schema "PUBLIC" to version "1 - Create tables"
21:32:00.348 [pool-1-thread-1] DEBUG org.flywaydb.core.internal.sqlscript.DefaultSqlScriptExecutor -- Executing SQL: -- The relationship between library dependency sources under .metals/readonly/**
-- and build targets they belong to. Required to know what classpath to use
-- for compiling dependency sources.
create table dependency_source(
  text_document_uri varchar primary key,
  build_target_uri varchar not null
)
21:32:00.349 [pool-1-thread-1] DEBUG org.flywaydb.core.internal.sqlscript.DefaultSqlScriptExecutor -- 0 rows affected
21:32:00.349 [pool-1-thread-1] DEBUG org.flywaydb.core.internal.sqlscript.DefaultSqlScriptExecutor -- Executing SQL: -- The relationship between library dependency sources under .metals/readonly/**
-- and worksheets they belong to. Required to know what classpath to use
-- for compiling dependency sources.
create table worksheet_dependency_source(
  text_document_uri varchar primary key,
  worksheet_uri varchar not null
)
21:32:00.350 [pool-1-thread-1] DEBUG org.flywaydb.core.internal.sqlscript.DefaultSqlScriptExecutor -- 0 rows affected
21:32:00.350 [pool-1-thread-1] DEBUG org.flywaydb.core.internal.sqlscript.DefaultSqlScriptExecutor -- Executing SQL: -- The relationship between what library dependency sources under .metals/readonly/**
-- map to which build targets.
create table sbt_digest(
  md5 varchar,
  status tinyint not null,
  when_recorded timestamp
)
21:32:00.351 [pool-1-thread-1] DEBUG org.flywaydb.core.internal.sqlscript.DefaultSqlScriptExecutor -- 0 rows affected
21:32:00.351 [pool-1-thread-1] DEBUG org.flywaydb.core.internal.sqlscript.DefaultSqlScriptExecutor -- Executing SQL: -- Which window/showMessage and window/showMessageRequest dialogues have been dismissed
-- by the user via "Don't show again" or closed by clicking on "x".
create table dismissed_notification(
  id int,
  when_dismissed timestamp,
  when_expires timestamp
)
21:32:00.352 [pool-1-thread-1] DEBUG org.flywaydb.core.internal.sqlscript.DefaultSqlScriptExecutor -- 0 rows affected
21:32:00.352 [pool-1-thread-1] DEBUG org.flywaydb.core.internal.sqlscript.DefaultSqlScriptExecutor -- Executing SQL: -- The choice of build tool when multiple build tool files are found in a workspace
create table chosen_build_tool(
  build_tool varchar primary key
)
21:32:00.353 [pool-1-thread-1] DEBUG org.flywaydb.core.internal.sqlscript.DefaultSqlScriptExecutor -- 0 rows affected
21:32:00.353 [pool-1-thread-1] DEBUG org.flywaydb.core.internal.command.DbMigrate -- Successfully completed migration of schema "PUBLIC" to version "1 - Create tables"
21:32:00.354 [pool-1-thread-1] DEBUG org.flywaydb.core.internal.schemahistory.JdbcTableSchemaHistory -- Schema History table "PUBLIC"."flyway_schema_history" successfully updated to reflect changes
21:32:00.358 [pool-1-thread-1] DEBUG org.flywaydb.core.internal.parser.Parser -- Parsing V2__Server_discovery.sql ...
21:32:00.359 [pool-1-thread-1] DEBUG org.flywaydb.core.internal.sqlscript.ParserSqlScript -- Found statement at line 4: -- For each unique combination of installed build servers we select one server.
-- The md5 checksum is computed from the names of the installed build servers, and
-- the selected server is the server which the user chose for this workspace.
create table chosen_build_server(
  md5 varchar primary key,
  selected_server varchar,
  when_recorded timestamp
)
21:32:00.359 [pool-1-thread-1] DEBUG org.flywaydb.core.internal.command.DbMigrate -- Starting migration of schema "PUBLIC" to version "2 - Server discovery" ...
21:32:00.360 [pool-1-thread-1] INFO org.flywaydb.core.internal.command.DbMigrate -- Migrating schema "PUBLIC" to version "2 - Server discovery"
21:32:00.360 [pool-1-thread-1] DEBUG org.flywaydb.core.internal.sqlscript.DefaultSqlScriptExecutor -- Executing SQL: -- For each unique combination of installed build servers we select one server.
-- The md5 checksum is computed from the names of the installed build servers, and
-- the selected server is the server which the user chose for this workspace.
create table chosen_build_server(
  md5 varchar primary key,
  selected_server varchar,
  when_recorded timestamp
)
21:32:00.361 [pool-1-thread-1] DEBUG org.flywaydb.core.internal.sqlscript.DefaultSqlScriptExecutor -- 0 rows affected
21:32:00.361 [pool-1-thread-1] DEBUG org.flywaydb.core.internal.command.DbMigrate -- Successfully completed migration of schema "PUBLIC" to version "2 - Server discovery"
21:32:00.362 [pool-1-thread-1] DEBUG org.flywaydb.core.internal.schemahistory.JdbcTableSchemaHistory -- Schema History table "PUBLIC"."flyway_schema_history" successfully updated to reflect changes
21:32:00.363 [pool-1-thread-1] DEBUG org.flywaydb.core.internal.parser.Parser -- Parsing V3__Jar_symbols.sql ...
21:32:00.364 [pool-1-thread-1] DEBUG org.flywaydb.core.internal.sqlscript.ParserSqlScript -- Found statement at line 2: -- Indexed jars, the MD5 digest of path, modified time and size as key
create table indexed_jar(
  id int auto_increment unique,
  md5 varchar primary key
)
21:32:00.364 [pool-1-thread-1] DEBUG org.flywaydb.core.internal.sqlscript.ParserSqlScript -- Found statement at line 7: -- Top Level Symbols per jar, allow for multiple jars with same symbols and paths
create table toplevel_symbol(
  symbol varchar not null,
  path varchar not null,
  jar int,
  foreign key (jar) references indexed_jar (id) on delete cascade,
  primary key (jar, path, symbol)
)
21:32:00.365 [pool-1-thread-1] DEBUG org.flywaydb.core.internal.sqlscript.ParserSqlScript -- Found statement at line 15: -- Create index to speedup lookup of jar symbols
create index toplevel_symbol_jar on toplevel_symbol(jar)
21:32:00.365 [pool-1-thread-1] DEBUG org.flywaydb.core.internal.command.DbMigrate -- Starting migration of schema "PUBLIC" to version "3 - Jar symbols" ...
21:32:00.365 [pool-1-thread-1] INFO org.flywaydb.core.internal.command.DbMigrate -- Migrating schema "PUBLIC" to version "3 - Jar symbols"
21:32:00.365 [pool-1-thread-1] DEBUG org.flywaydb.core.internal.sqlscript.DefaultSqlScriptExecutor -- Executing SQL: -- Indexed jars, the MD5 digest of path, modified time and size as key
create table indexed_jar(
  id int auto_increment unique,
  md5 varchar primary key
)
21:32:00.368 [pool-1-thread-1] DEBUG org.flywaydb.core.internal.sqlscript.DefaultSqlScriptExecutor -- 0 rows affected
21:32:00.368 [pool-1-thread-1] DEBUG org.flywaydb.core.internal.sqlscript.DefaultSqlScriptExecutor -- Executing SQL: -- Top Level Symbols per jar, allow for multiple jars with same symbols and paths
create table toplevel_symbol(
  symbol varchar not null,
  path varchar not null,
  jar int,
  foreign key (jar) references indexed_jar (id) on delete cascade,
  primary key (jar, path, symbol)
)
21:32:00.371 [pool-1-thread-1] DEBUG org.flywaydb.core.internal.sqlscript.DefaultSqlScriptExecutor -- 0 rows affected
21:32:00.371 [pool-1-thread-1] DEBUG org.flywaydb.core.internal.sqlscript.DefaultSqlScriptExecutor -- Executing SQL: -- Create index to speedup lookup of jar symbols
create index toplevel_symbol_jar on toplevel_symbol(jar)
21:32:00.372 [pool-1-thread-1] DEBUG org.flywaydb.core.internal.sqlscript.DefaultSqlScriptExecutor -- 0 rows affected
21:32:00.372 [pool-1-thread-1] DEBUG org.flywaydb.core.internal.command.DbMigrate -- Successfully completed migration of schema "PUBLIC" to version "3 - Jar symbols"
21:32:00.373 [pool-1-thread-1] DEBUG org.flywaydb.core.internal.schemahistory.JdbcTableSchemaHistory -- Schema History table "PUBLIC"."flyway_schema_history" successfully updated to reflect changes
21:32:00.375 [pool-1-thread-1] DEBUG org.flywaydb.core.internal.parser.Parser -- Parsing V4__Fingerprints.sql ...
21:32:00.376 [pool-1-thread-1] DEBUG org.flywaydb.core.internal.sqlscript.ParserSqlScript -- Found statement at line 2: -- Fingerprints saved between invocations
create table fingerprints(
  path varchar not null,
  text varchar not null,
  md5 varchar not null,
  id int auto_increment unique
)
21:32:00.376 [pool-1-thread-1] DEBUG org.flywaydb.core.internal.command.DbMigrate -- Starting migration of schema "PUBLIC" to version "4 - Fingerprints" ...
21:32:00.377 [pool-1-thread-1] INFO org.flywaydb.core.internal.command.DbMigrate -- Migrating schema "PUBLIC" to version "4 - Fingerprints"
21:32:00.377 [pool-1-thread-1] DEBUG org.flywaydb.core.internal.sqlscript.DefaultSqlScriptExecutor -- Executing SQL: -- Fingerprints saved between invocations
create table fingerprints(
  path varchar not null,
  text varchar not null,
  md5 varchar not null,
  id int auto_increment unique
)
21:32:00.378 [pool-1-thread-1] DEBUG org.flywaydb.core.internal.sqlscript.DefaultSqlScriptExecutor -- 0 rows affected
21:32:00.378 [pool-1-thread-1] DEBUG org.flywaydb.core.internal.command.DbMigrate -- Successfully completed migration of schema "PUBLIC" to version "4 - Fingerprints"
21:32:00.379 [pool-1-thread-1] DEBUG org.flywaydb.core.internal.schemahistory.JdbcTableSchemaHistory -- Schema History table "PUBLIC"."flyway_schema_history" successfully updated to reflect changes
21:32:00.384 [pool-1-thread-1] INFO org.flywaydb.core.internal.command.DbMigrate -- Successfully applied 4 migrations to schema "PUBLIC", now at version v4 (execution time 00:00.014s)
21:32:00.396 [pool-1-thread-1] DEBUG org.flywaydb.core.FlywayExecutor -- Memory usage: 46 of 102M
2024.03.02 21:32:00 WARN  scala-cli >= 0.1.3 not found in PATH, fetching and starting a JVM-based Scala CLI[0m
2024.03.02 21:32:04 INFO  no build target found for /home/lan/work/ventus-gpgpu-cpp-simulator/src/sm/Instructions.scala. Using presentation compiler with project's scala-library version: 3.3.1[0m
2024.03.02 21:32:23 INFO  Found Java version 11. Scala CLI requires at least Java 17, getting a temurin:17 JVM via coursier-jvm.[0m
2024.03.02 21:34:36 ERROR Unexpected error initializing server: 
java.lang.Exception: Error while getting https://github.com/coursier/jvm-index/raw/master/index.json: download error: Caught java.net.ConnectException (Connection timed out (Connection timed out)) while downloading https://github.com/coursier/jvm-index/raw/master/index.json
	at coursierapi.shaded.coursier.jvm.JvmIndex$.$anonfun$load$5(JvmIndex.scala:142)
	at coursierapi.shaded.coursier.jvm.JvmIndex$.$anonfun$load$5$adapted(JvmIndex.scala:140)
	at coursierapi.shaded.coursier.util.Task$.$anonfun$flatMap$extension$1(Task.scala:14)
	at coursierapi.shaded.coursier.util.Task$.$anonfun$flatMap$extension$1$adapted(Task.scala:14)
	at coursierapi.shaded.coursier.util.Task$.wrap(Task.scala:82)
	at coursierapi.shaded.coursier.util.Task$.$anonfun$flatMap$2(Task.scala:14)
	at coursierapi.shaded.scala.concurrent.impl.Promise$Transformation.run(Promise.scala:470)
	at java.util.concurrent.ThreadPoolExecutor.runWorker(ThreadPoolExecutor.java:1128)
	at java.util.concurrent.ThreadPoolExecutor$Worker.run(ThreadPoolExecutor.java:628)
	at java.lang.Thread.run(Thread.java:829)
[0m
Mar 03, 2024 10:24:17 PM org.eclipse.lsp4j.jsonrpc.RemoteEndpoint handleCancellation
WARNING: Unmatched cancel notification for request id 62
2024.03.03 22:45:31 INFO  Shutting down server[0m
2024.03.03 22:45:31 INFO  shutting down Metals[0m
2024.03.03 22:45:31 INFO  Exiting server[0m
